<?xml version="1.0" encoding="UTF-8"?>
<testsuite xmlns:xsi="http://www.w3.org/2001/XMLSchema-instance" xsi:noNamespaceSchemaLocation="https://maven.apache.org/surefire/maven-surefire-plugin/xsd/surefire-test-report.xsd" version="3.0.2" name="com.churninsight.api.ChurninsightApiApplicationTests" time="2.348" tests="1" errors="0" skipped="0" failures="0">
  <properties>
[...]
</properties>
  <testcase name="contextLoads" classname="com.churninsight.api.ChurninsightApiApplicationTests" time="0.336">
    <system-out><![CDATA[21:59:54.780 [main] INFO org.springframework.test.context.support.AnnotationConfigContextLoaderUtils -- Could not detect default configuration classes for test class [com.churninsight.api.ChurninsightApiApplicationTests]: ChurninsightApiApplicationTests does not declare any static, non-private, non-final, nested classes annotated with @Configuration.
21:59:54.821 [main] INFO org.springframework.boot.test.context.SpringBootTestContextBootstrapper -- Found @SpringBootConfiguration com.churninsight.api.ChurninsightApiApplication for test class com.churninsight.api.ChurninsightApiApplicationTests
21:59:54.883 [main] INFO org.springframework.boot.devtools.restart.RestartApplicationListener -- Restart disabled due to context in which it is running

  .   ____          _            __ _ _
 /\\ / ___'_ __ _ _(_)_ __  __ _ \ \ \ \
( ( )\___ | '_ | '_| | '_ \/ _` | \ \ \ \
 \\/  ___)| |_)| | | | | || (_| |  ) ) ) )
  '  |____| .__|_| |_|_| |_\__, | / / / /
 =========|_|==============|___/=/_/_/_/

 :: Spring Boot ::               (v3.4.12)

2025-12-29T21:59:54.990-03:00  INFO [reqId=] 6299 --- [churninsight-api] [           main] c.c.api.ChurninsightApiApplicationTests  : Starting ChurninsightApiApplicationTests using Java 17.0.12 with PID 6299 (started by pedroafonso in /Users/pedroafonso/Downloads/churn-insight-main/api-java)
2025-12-29T21:59:54.991-03:00  INFO [reqId=] 6299 --- [churninsight-api] [           main] c.c.api.ChurninsightApiApplicationTests  : No active profile set, falling back to 1 default profile: "default"
2025-12-29T21:59:55.494-03:00  INFO [reqId=] 6299 --- [churninsight-api] [           main] .s.d.r.c.RepositoryConfigurationDelegate : Bootstrapping Spring Data JPA repositories in DEFAULT mode.
2025-12-29T21:59:55.508-03:00  INFO [reqId=] 6299 --- [churninsight-api] [           main] .s.d.r.c.RepositoryConfigurationDelegate : Finished Spring Data repository scanning in 9 ms. Found 0 JPA repository interfaces.
2025-12-29T21:59:55.736-03:00  INFO [reqId=] 6299 --- [churninsight-api] [           main] o.hibernate.jpa.internal.util.LogHelper  : HHH000204: Processing PersistenceUnitInfo [name: default]
2025-12-29T21:59:55.773-03:00  INFO [reqId=] 6299 --- [churninsight-api] [           main] org.hibernate.Version                    : HHH000412: Hibernate ORM core version 6.6.36.Final
2025-12-29T21:59:55.788-03:00  INFO [reqId=] 6299 --- [churninsight-api] [           main] o.h.c.internal.RegionFactoryInitiator    : HHH000026: Second-level cache disabled
2025-12-29T21:59:55.901-03:00  INFO [reqId=] 6299 --- [churninsight-api] [           main] o.s.o.j.p.SpringPersistenceUnitInfo      : No LoadTimeWeaver setup: ignoring JPA class transformer
2025-12-29T21:59:55.914-03:00  INFO [reqId=] 6299 --- [churninsight-api] [           main] com.zaxxer.hikari.HikariDataSource       : HikariPool-1 - Starting...
2025-12-29T21:59:55.989-03:00  INFO [reqId=] 6299 --- [churninsight-api] [           main] com.zaxxer.hikari.pool.HikariPool        : HikariPool-1 - Added connection conn0: url=jdbc:h2:mem:churn_db user=SA
2025-12-29T21:59:55.990-03:00  INFO [reqId=] 6299 --- [churninsight-api] [           main] com.zaxxer.hikari.HikariDataSource       : HikariPool-1 - Start completed.
2025-12-29T21:59:56.019-03:00  INFO [reqId=] 6299 --- [churninsight-api] [           main] org.hibernate.orm.connections.pooling    : HHH10001005: Database info:
	Database JDBC URL [Connecting through datasource 'HikariDataSource (HikariPool-1)']
	Database driver: undefined/unknown
	Database version: 2.3.232
	Autocommit mode: undefined/unknown
	Isolation level: undefined/unknown
	Minimum pool size: undefined/unknown
	Maximum pool size: undefined/unknown
2025-12-29T21:59:56.154-03:00  INFO [reqId=] 6299 --- [churninsight-api] [           main] o.h.e.t.j.p.i.JtaPlatformInitiator       : HHH000489: No JTA platform available (set 'hibernate.transaction.jta.platform' to enable JTA platform integration)
2025-12-29T21:59:56.156-03:00  INFO [reqId=] 6299 --- [churninsight-api] [           main] j.LocalContainerEntityManagerFactoryBean : Initialized JPA EntityManagerFactory for persistence unit 'default'
2025-12-29T21:59:56.646-03:00  INFO [reqId=] 6299 --- [churninsight-api] [           main] o.s.b.a.h2.H2ConsoleAutoConfiguration    : H2 console available at '/h2-console'. Database available at 'jdbc:h2:mem:churn_db'
2025-12-29T21:59:56.655-03:00  INFO [reqId=] 6299 --- [churninsight-api] [           main] o.s.b.a.e.web.EndpointLinksResolver      : Exposing 1 endpoint beneath base path '/actuator'
2025-12-29T21:59:56.695-03:00  INFO [reqId=] 6299 --- [churninsight-api] [           main] c.c.api.ChurninsightApiApplicationTests  : Started ChurninsightApiApplicationTests in 1.816 seconds (process running for 2.222)
2025-12-29T21:59:56.717-03:00  WARN [reqId=] 6299 --- [churninsight-api] [           main] o.s.core.events.SpringDocAppInitializer  : SpringDoc /v3/api-docs endpoint is enabled by default. To disable it in production, set the property 'springdoc.api-docs.enabled=false'
2025-12-29T21:59:56.724-03:00  WARN [reqId=] 6299 --- [churninsight-api] [           main] o.s.core.events.SpringDocAppInitializer  : SpringDoc /swagger-ui.html endpoint is enabled by default. To disable it in production, set the property 'springdoc.swagger-ui.enabled=false'
]]></system-out>
  </testcase>
</testsuite>